-------------------------------------------------------------------------------
Test set: TestSuite
-------------------------------------------------------------------------------
Tests run: 1, Failures: 1, Errors: 0, Skipped: 0, Time elapsed: 18.486 s <<< FAILURE! - in TestSuite
nopComTestClasses.nopComTest1.validateFirstname  Time elapsed: 0.104 s  <<< FAILURE!
java.lang.AssertionError: TC failed ,Firstname not matching expected [Komal] but found []
	at nopComTestClasses.nopComTest1.validateFirstname(nopComTest1.java:61)

